05/08/2023 20:49 | Andres_scene | 0h 1m 50s
05/08/2023 21:00 | Andres_scene | 0h 1m 48s
05/08/2023 21:05 | Andres_scene | 0h 0m 9s
05/08/2023 21:09 | Andres_scene | 0h 1m 46s
05/08/2023 21:16 | Andres_scene | 0h 2m 55s
05/08/2023 21:33 | Andres_scene | 0h 2m 53s
05/08/2023 22:25 | Andres_scene | 0h 5m 36s
05/09/2023 16:19 | Andres_scene | 0h 5m 39s
05/09/2023 16:53 | Andres_scene | 0h 10m 11s
05/09/2023 17:22 | Andres_scene | 0h 5m 53s
05/09/2023 17:23 | Andres_scene | 0h 0m 7s
05/11/2023 12:04 | Andres_scene | 0h 3m 54s
05/11/2023 13:17 | Andres_scene | 0h 2m 41s
05/11/2023 17:46 | ExhibitionSpace | 0h 3m 2s
05/11/2023 17:53 | ExhibitionSpace | 0h 3m 4s
05/11/2023 17:57 | ExhibitionSpace | 0h 3m 7s
05/11/2023 19:06 | ExhibitionSpace | 0h 2m 49s
05/11/2023 19:17 | ExhibitionSpace | 0h 1m 57s
05/11/2023 19:36 | ExhibitionSpace | 0h 1m 58s
05/11/2023 19:46 | ExhibitionSpace | 0h 1m 59s
05/11/2023 19:53 | ExhibitionSpace | 0h 1m 50s
05/11/2023 20:10 | ExhibitionSpace | 0h 2m 27s
05/11/2023 20:20 | ExhibitionSpace | 0h 2m 33s
05/11/2023 20:33 | ExhibitionSpace | 0h 0m 15s
05/11/2023 20:38 | ExhibitionSpace | 0h 2m 24s
05/11/2023 20:51 | ExhibitionSpace | 0h 2m 23s
05/11/2023 21:01 | ExhibitionSpace | 0h 2m 34s
05/11/2023 21:18 | ExhibitionSpace | 0h 1m 59s
05/12/2023 09:27 | ExhibitionSpace | 0h 5m 32s
05/12/2023 09:39 | ExhibitionSpace | 0h 5m 10s
05/12/2023 09:49 | ExhibitionSpace | 0h 1m 58s
05/12/2023 09:58 | Exhibition Space Lighting02 | 0h 5m 19s
05/13/2024 15:17 | Exhibition Space 2024 | 0h 1m 49s
05/13/2024 15:38 | Exhibition Space 2024 | 0h 1m 18s
05/13/2024 15:42 | Exhibition Space 2024 | 0h 3m 12s
05/13/2024 16:01 | Lightmapping Test | 0h 0m 3s
05/13/2024 16:02 | Lightmapping Test | 0h 0m 9s
05/22/2024 11:33 | Exhibition Space 2024 | 0h 5m 29s
05/22/2024 15:21 | Exhibition Space 2024 | 0h 2m 6s
05/22/2024 15:27 | Exhibition Space 2024 | 0h 1m 20s
